"../../../../UE_4.23/Unreal Projects/MagicBattle/Content/AnimStarterPack/UE4_Mannequin/Mesh/UE4_Mannequin_Skeleton.uasset" 0
"../../../../UE_4.23/Unreal Projects/MagicBattle/Content/AnimStarterPack/Aim_Space_Ironsights.uasset" 1
"../../../../UE_4.23/Unreal Projects/MagicBattle/Content/AnimStarterPack/Crouch_to_Stand_Rifle_Hip.uasset" 2
"../../../../UE_4.23/Unreal Projects/MagicBattle/Content/AnimStarterPack/Crouch_to_Stand_Rifle_Ironsights.uasset" 3
"../../../../UE_4.23/Unreal Projects/MagicBattle/Content/AnimStarterPack/Crouch_Walk_Bwd_Rifle_Ironsights.uasset" 4
"../../../../UE_4.23/Unreal Projects/MagicBattle/Content/AnimStarterPack/Crouch_Walk_Lt_Rifle_Ironsights.uasset" 5
"../../../../UE_4.23/Unreal Projects/MagicBattle/Content/AnimStarterPack/Crouch_Walk_Rt_Rifle_Ironsights.uasset" 6
"../../../../UE_4.23/Unreal Projects/MagicBattle/Content/AnimStarterPack/Death_1.uasset" 7
"../../../../UE_4.23/Unreal Projects/MagicBattle/Content/AnimStarterPack/Death_2.uasset" 8
"../../../../UE_4.23/Unreal Projects/MagicBattle/Content/AnimStarterPack/Death_3.uasset" 9
"../../../../UE_4.23/Unreal Projects/MagicBattle/Content/AnimStarterPack/Death_Ironsights_1.uasset" 10
"../../../../UE_4.23/Unreal Projects/MagicBattle/Content/AnimStarterPack/Death_Ironsights_2.uasset" 11
"../../../../UE_4.23/Unreal Projects/MagicBattle/Content/AnimStarterPack/Equip_Rifle_Standing.uasset" 12
"../../../../UE_4.23/Unreal Projects/MagicBattle/Content/AnimStarterPack/Fire_Rifle_Hip.uasset" 13
"../../../../UE_4.23/Unreal Projects/MagicBattle/Content/AnimStarterPack/Fire_Shotgun_Hip.uasset" 14
"../../../../UE_4.23/Unreal Projects/MagicBattle/Content/AnimStarterPack/Fire_Shotgun_Ironsights.uasset" 15
"../../../../UE_4.23/Unreal Projects/MagicBattle/Content/AnimStarterPack/Hit_React_4.uasset" 16
"../../../../UE_4.23/Unreal Projects/MagicBattle/Content/AnimStarterPack/Idle_Pistol.uasset" 17
"../../../../UE_4.23/Unreal Projects/MagicBattle/Content/AnimStarterPack/Idle_Rifle_Ironsights.uasset" 18
"../../../../UE_4.23/Unreal Projects/MagicBattle/Content/AnimStarterPack/Jump_From_Stand_Ironsights.uasset" 19
"../../../../UE_4.23/Unreal Projects/MagicBattle/Content/AnimStarterPack/Prone_Death_1.uasset" 20
"../../../../UE_4.23/Unreal Projects/MagicBattle/Content/AnimStarterPack/Prone_Death_2.uasset" 21
"../../../../UE_4.23/Unreal Projects/MagicBattle/Content/AnimStarterPack/Prone_Fire_1.uasset" 22
"../../../../UE_4.23/Unreal Projects/MagicBattle/Content/AnimStarterPack/Prone_Fire_2.uasset" 23
"../../../../UE_4.23/Unreal Projects/MagicBattle/Content/AnimStarterPack/Prone_Idle.uasset" 24
"../../../../UE_4.23/Unreal Projects/MagicBattle/Content/AnimStarterPack/Prone_Reload_Rifle.uasset" 25
"../../../../UE_4.23/Unreal Projects/MagicBattle/Content/AnimStarterPack/Prone_Reload_Shotgun.uasset" 26
"../../../../UE_4.23/Unreal Projects/MagicBattle/Content/AnimStarterPack/Prone_To_Stand.uasset" 27
"../../../../UE_4.23/Unreal Projects/MagicBattle/Content/AnimStarterPack/Reload_Pistol.uasset" 28
"../../../../UE_4.23/Unreal Projects/MagicBattle/Content/AnimStarterPack/Reload_Rifle_Ironsights.uasset" 29
"../../../../UE_4.23/Unreal Projects/MagicBattle/Content/AnimStarterPack/Reload_Shotgun_Hip.uasset" 30
"../../../../UE_4.23/Unreal Projects/MagicBattle/Content/AnimStarterPack/Reload_Shotgun_Ironsights.uasset" 31
"../../../../UE_4.23/Unreal Projects/MagicBattle/Content/AnimStarterPack/Sprint_Fwd_Rifle.uasset" 32
"../../../../UE_4.23/Unreal Projects/MagicBattle/Content/AnimStarterPack/Stand_to_Crouch_Rifle_Hip.uasset" 33
"../../../../UE_4.23/Unreal Projects/MagicBattle/Content/AnimStarterPack/Stand_to_Crouch_Rifle_Ironsights.uasset" 34
"../../../../UE_4.23/Unreal Projects/MagicBattle/Content/AnimStarterPack/Stand_To_Prone.uasset" 35
"../../../../UE_4.23/Unreal Projects/MagicBattle/Content/AnimStarterPack/Walk_Bwd_Rifle_Ironsights.uasset" 36
"../../../../UE_4.23/Unreal Projects/MagicBattle/Content/AnimStarterPack/Walk_Lt_Rifle_Ironsights.uasset" 37
"../../../../UE_4.23/Unreal Projects/MagicBattle/Content/AnimStarterPack/Walk_Rt_Rifle_Ironsights.uasset" 38
"../../../../UE_4.23/Unreal Projects/MagicBattle/Content/Blueprints/Widgets/HealthWidgetBP.uasset" 39
"../../../../UE_4.23/Unreal Projects/MagicBattle/Content/AnimStarterPack/Aim_Space_Hip.uasset" 40
"../../../../UE_4.23/Unreal Projects/MagicBattle/Content/Blueprints/Ghost.uasset" 41
"../../../../UE_4.23/Unreal Projects/MagicBattle/Content/Blueprints/GhostMaterial.uasset" 42
"../../../../UE_4.23/Unreal Projects/MagicBattle/Content/Blueprints/GhostMaterial_Inst.uasset" 43
"../../../../UE_4.23/Unreal Projects/MagicBattle/Content/Blueprints/MyGameInstanceBP.uasset" 44
"../../../../UE_4.23/Unreal Projects/MagicBattle/Content/Blueprints/MyUserWidgetBP.uasset" 45
"../../../../UE_4.23/Unreal Projects/MagicBattle/Content/Blueprints/MyMainMenuPlayerControllerBP.uasset" 46
"../../../../UE_4.23/Unreal Projects/MagicBattle/Content/Blueprints/MyMainMenuGameModeBP.uasset" 47
"../../../Engine/Content/Animation/DefaultAnimBoneCompressionSettings.uasset" 48
"../../../Engine/Content/Animation/DefaultAnimCurveCompressionSettings.uasset" 49
"../../../Engine/Content/Functions/Engine_MaterialFunctions01/Opacity/CameraDepthFade.uasset" 50
"../../../Engine/Content/EngineMaterials/T_Default_Material_Grid_N.uasset" 51
"../../../Engine/Content/EngineMaterials/T_Default_Material_Grid_M.uasset" 52
"../../../Engine/Content/EngineMaterials/WorldGridMaterial.uasset" 53
"../../../Engine/Content/ArtTools/RenderToTexture/Meshes/S_1_Unit_Plane.uasset" 54
"../../../Engine/Content/EngineMaterials/DefaultMaterial.uasset" 55
"../../../Engine/Content/BasicShapes/Cone.uasset" 56
"../../../Engine/Content/BasicShapes/Cube.uasset" 57
"../../../Engine/Content/BasicShapes/Plane.uasset" 58
"../../../Engine/Content/BasicShapes/Sphere.uasset" 59
"../../../Engine/Content/EditorLandscapeResources/DataLayer.uasset" 60
"../../../Engine/Content/EditorLandscapeResources/DefaultAlphaTexture.uasset" 61
"../../../Engine/Content/EditorMaterials/MAT_Groups_Toggle.uasset" 62
"../../../Engine/Content/EditorMaterials/MAT_Groups_Visibility.uasset" 63
"../../../Engine/Content/EditorMaterials/PreviewShadowIndicator.uasset" 64
"../../../Engine/Content/EditorMaterials/PreviewShadowIndicatorMaterial.uasset" 65
"../../../Engine/Content/EditorMaterials/MatineeGroups/MAT_ColorTrack.uasset" 66
"../../../Engine/Content/EditorMaterials/MatineeGroups/MAT_Groups_Anim.uasset" 67
"../../../Engine/Content/EditorMaterials/MatineeGroups/MAT_Groups_AudioMaster.uasset" 68
"../../../Engine/Content/EditorMaterials/MatineeGroups/MAT_Groups_Director.uasset" 69
"../../../Engine/Content/EditorMaterials/MatineeGroups/MAT_Groups_Event.uasset" 70
"../../../Engine/Content/EditorMaterials/MatineeGroups/MAT_Groups_Fade.uasset" 71
"../../../Engine/Content/EditorMaterials/MatineeGroups/MAT_Groups_Float.uasset" 72
"../../../Engine/Content/EditorMaterials/MatineeGroups/MAT_Groups_Move.uasset" 73
"../../../Engine/Content/EditorMaterials/MatineeGroups/MAT_Groups_Slomo.uasset" 74
"../../../Engine/Content/EditorMaterials/MatineeGroups/MAT_Groups_Sound.uasset" 75
"../../../Engine/Content/EditorMaterials/MatineeGroups/MAT_Groups_Vector.uasset" 76
"../../../Engine/Content/EditorMaterials/ParticleSystems/PSysThumbnail_NoImage.uasset" 77
"../../../Engine/Content/EditorMaterials/ParticleSystems/PSysThumbnail_OOD.uasset" 78
"../../../Engine/Content/EditorMaterials/Camera/CineMat.uasset" 79
"../../../Engine/Content/EditorMaterials/Camera/MI_CineMat_Rig.uasset" 80
"../../../Engine/Content/EditorMeshes/Camera/SM_CraneRig_Arm.uasset" 81
"../../../Engine/Content/EditorMeshes/Camera/SM_CraneRig_Base.uasset" 82
"../../../Engine/Content/EditorMeshes/Camera/SM_CraneRig_Body.uasset" 83
"../../../Engine/Content/EditorMeshes/Camera/SM_CraneRig_Mount.uasset" 84
"../../../Engine/Content/EditorMeshes/Camera/SM_RailRig_Mount.uasset" 85
"../../../Engine/Content/EditorMeshes/Camera/SM_RailRig_Track.uasset" 86
"../../../Engine/Content/EditorResources/BSPVertex.uasset" 87
"../../../Engine/Content/EditorResources/EmptyActor.uasset" 88
"../../../Engine/Content/EditorResources/S_Actor.uasset" 89
"../../../Engine/Content/EditorResources/S_Note.uasset" 90
"../../../Engine/Content/EditorResources/S_Solver.uasset" 91
"../../../Engine/Content/EditorResources/S_Terrain.uasset" 92
"../../../Engine/Content/EditorResources/S_Trigger.uasset" 93
"../../../Engine/Content/EditorResources/LightIcons/S_LightError.uasset" 94
"../../../Engine/Content/EditorResources/SequenceRecorder/Countdown.uasset" 95
"../../../Engine/Content/EditorResources/SequenceRecorder/RecordingIndicator.uasset" 96
"../../../Engine/Content/EngineDamageTypes/DmgTypeBP_Environmental.uasset" 97
"../../../Engine/Content/EngineDebugMaterials/DebugEditorMaterial.uasset" 98
"../../../Engine/Content/EngineDebugMaterials/DebugMeshMaterial.uasset" 99
"../../../Engine/Content/EngineDebugMaterials/M_SimpleUnlitTranslucent.uasset" 100
"../../../Engine/Content/EngineDebugMaterials/VolumeToRender.uasset" 101
"../../../Engine/Content/Functions/Engine_MaterialFunctions02/Utility/CameraDirectionVector.uasset" 102
"../../../Engine/Content/EngineDebugMaterials/M_VolumeRenderSphereTracePP.uasset" 103
"../../../Engine/Content/Functions/Engine_MaterialFunctions01/Shading/ConvertFromDiffSpec.uasset" 104
"../../../Engine/Content/EngineDebugMaterials/VertexColorMaterial.uasset" 105
"../../../Engine/Content/EngineDebugMaterials/WireframeMaterial.uasset" 106
"../../../Engine/Content/EngineFonts/Faces/RobotoRegular.uasset" 107
"../../../Engine/Content/EngineFonts/Faces/RobotoLight.uasset" 108
"../../../Engine/Content/EngineFonts/Faces/RobotoItalic.uasset" 109
"../../../Engine/Content/EngineFonts/Faces/RobotoBoldItalic.uasset" 110
"../../../Engine/Content/EngineFonts/Faces/RobotoBold.uasset" 111
"../../../Engine/Content/EngineFonts/Faces/DroidSansFallback.uasset" 112
"../../../Engine/Content/EngineFonts/Roboto.uasset" 113
"../../../Engine/Content/EngineMaterials/BaseFlattenNormalMap.uasset" 114
"../../../Engine/Content/EngineMaterials/BaseFlattenGrayscaleMap.uasset" 115
"../../../Engine/Content/EngineMaterials/BaseFlattenEmissiveMap.uasset" 116
"../../../Engine/Content/EngineMaterials/BaseFlattenDiffuseMap.uasset" 117
"../../../Engine/Content/EngineMaterials/BaseFlattenMaterial.uasset" 118
"../../../Engine/Content/EngineMaterials/BlueNoise.uasset" 119
"../../../Engine/Content/EngineMaterials/DefaultBloomKernel.uasset" 120
"../../../Engine/Content/EngineMaterials/DefaultBokeh.uasset" 121
"../../../Engine/Content/EngineMaterials/DefaultDiffuse.uasset" 122
"../../../Engine/Content/EngineMaterials/DefaultDeferredDecalMaterial.uasset" 123
"../../../Engine/Content/EngineMaterials/DefaultLightFunctionMaterial.uasset" 124
"../../../Engine/Content/EngineMaterials/DefaultPhysicalMaterial.uasset" 125
"../../../Engine/Content/Functions/Engine_MaterialFunctions02/Utility/BreakOutFloat2Components.uasset" 126
"../../../Engine/Content/EngineMaterials/DefaultPostProcessMaterial.uasset" 127
"../../../Engine/Content/EngineFonts/RobotoDistanceField.uasset" 128
"../../../Engine/Content/EngineMaterials/DefaultTextMaterialOpaque.uasset" 129
"../../../Engine/Content/EngineMaterials/DefaultWhiteGrid.uasset" 130
"../../../Engine/Content/EngineMaterials/DefaultWhiteGrid_Low.uasset" 131
"../../../Engine/Content/EngineMaterials/EmissiveMeshMaterial.uasset" 132
"../../../Engine/Content/EngineMaterials/GizmoMaterial.uasset" 133
"../../../Engine/Content/EngineMaterials/Good64x64TilingNoiseHighFreq.uasset" 134
"../../../Engine/Content/EngineMaterials/MiniFont.uasset" 135
"../../../Engine/Content/EngineMaterials/InvalidLightmapSettings.uasset" 136
"../../../Engine/Content/EngineMaterials/M_InvalidLightmapSettings.uasset" 137
"../../../Engine/Content/Functions/Engine_MaterialFunctions02/WorldPositionOffset/CameraOffset.uasset" 138
"../../../Engine/Content/EngineMaterials/PhAT_JointLimitMaterial.uasset" 139
"../../../Engine/Content/EngineMaterials/PreintegratedSkinBRDF.uasset" 140
"../../../Engine/Content/EngineMaterials/RemoveSurfaceMaterial.uasset" 141
"../../../Engine/Content/EngineMaterials/WeightMapPlaceholderTexture.uasset" 142
"../../../Engine/Content/EngineResources/WhiteSquareTexture.uasset" 143
"../../../Engine/Content/EngineMaterials/Widget3DPassThrough.uasset" 144
"../../../Engine/Content/EngineMaterials/Widget3DPassThrough_Masked.uasset" 145
"../../../Engine/Content/EngineMaterials/Widget3DPassThrough_Opaque.uasset" 146
"../../../Engine/Content/EngineMaterials/Widget3DPassThrough_Masked_OneSided.uasset" 147
"../../../Engine/Content/EngineMaterials/Widget3DPassThrough_Opaque_OneSided.uasset" 148
"../../../Engine/Content/EngineMaterials/Widget3DPassThrough_Translucent.uasset" 149
"../../../Engine/Content/EngineMaterials/Widget3DPassThrough_Translucent_OneSided.uasset" 150
"../../../Engine/Content/EngineMeshes/Cylinder.uasset" 151
"../../../Engine/Content/EngineMeshes/Sphere.uasset" 152
"../../../Engine/Content/EngineResources/Black.uasset" 153
"../../../Engine/Content/EngineResources/DefaultTextureCube.uasset" 154
"../../../Engine/Content/EngineResources/DefaultVolumeTexture2D.uasset" 155
"../../../Engine/Content/EngineResources/DefaultVolumeTexture.uasset" 156
"../../../Engine/Content/EngineResources/GradientTexture0.uasset" 157
"../../../Engine/Content/EngineSky/VolumetricClouds/T_NoiseShape64.uasset" 158
"../../../Engine/Content/EngineSky/VolumetricClouds/T_VolumeNoiseShape64.uasset" 159
"../../../Engine/Content/EngineSky/VolumetricClouds/T_NoiseErosion.uasset" 160
"../../../Engine/Content/EngineSky/VolumetricClouds/T_VolumeNoiseErosion32.uasset" 161
"../../../Engine/Content/EngineSky/VolumetricClouds/CloudWeatherTexture.uasset" 162
"../../../Engine/Content/EngineSky/VolumetricClouds/CloudGradientTexture.uasset" 163
"../../../Engine/Content/Functions/Engine_MaterialFunctions02/Utility/MakeFloat2.uasset" 164
"../../../Engine/Content/EngineSky/VolumetricClouds/m_SimpleVolumetricCloud.uasset" 165
"../../../Engine/Content/EngineSky/VolumetricClouds/m_SimpleVolumetricCloud_Inst.uasset" 166
"../../../Engine/Content/EngineSounds/Master.uasset" 167
"../../../Engine/Content/Functions/Engine_MaterialFunctions01/Shading/PowerToRoughness.uasset" 168
"../../../Engine/Content/Maps/Templates/Thumbnails/Default.uasset" 169
"../../../Engine/Content/Maps/Templates/Thumbnails/TimeOfDay.uasset" 170
"../../../Engine/Content/Maps/Templates/Thumbnails/VR-Basic.uasset" 171
"../../../Engine/Content/MobileResources/T_MobileControls_texture.uasset" 172
"../../../Engine/Content/MobileResources/T_MobileMenu2.uasset" 173
"../../../Engine/Content/MobileResources/HUD/AnalogHat.uasset" 174
"../../../Engine/Content/MobileResources/HUD/VirtualJoystick_Thumb.uasset" 175
"../../../Engine/Content/MobileResources/HUD/VirtualJoystick_Background.uasset" 176
"../../../Engine/Content/MobileResources/HUD/DefaultVirtualJoysticks.uasset" 177
"../../../Engine/Content/MobileResources/HUD/LeftVirtualJoystickOnly.uasset" 178
"../../../Engine/Content/MobileResources/HUD/MobileHUDButton1_off.uasset" 179
"../../../Engine/Content/MobileResources/HUD/MobileHUDButton1_on.uasset" 180
"../../../Engine/Content/MobileResources/HUD/MobileHUDButton2_off.uasset" 181
"../../../Engine/Content/MobileResources/HUD/MobileHUDButton2_on.uasset" 182
"../../../Engine/Content/MobileResources/HUD/MobileHUDButton3.uasset" 183
"../../../Engine/Content/MobileResources/HUD/MobileHUDButtonFire.uasset" 184
"../../../Engine/Content/MobileResources/HUD/MobileHUDDirectionPad.uasset" 185
"../../../Engine/Content/MobileResources/HUD/MobileHUDDirectionPad2.uasset" 186
"../../../Engine/Content/MobileResources/HUD/MobileHUDDirectionPad3.uasset" 187
"../../../Engine/Content/MobileResources/HUD/MobileHUDDirectionStick.uasset" 188
"../../../Engine/Content/MobileResources/HUD/T_Castle_ThumbstickInner.uasset" 189
"../../../Engine/Content/MobileResources/HUD/T_Castle_ThumbstickOutter.uasset" 190
"../../../Engine/Content/Tutorial/ContentIntroCurve.uasset" 191
"../../../Engine/Content/Tutorial/Basics/LevelEditorAttract.uasset" 192
"../../../Engine/Content/VREditor/TransformGizmo/TranslucentTransformGizmoMaterial.uasset" 193
"../../../Engine/Content/VREditor/LaserPointer/VR_LaserPower_01.uasset" 194
"../../../Engine/Content/VREditor/TransformGizmo/TransformGizmoMaterial.uasset" 195
"../../../Engine/Content/VREditor/TransformGizmo/BoundingBoxCorner.uasset" 196
"../../../Engine/Content/VREditor/TransformGizmo/BoundingBoxEdge.uasset" 197
"../../../Engine/Content/VREditor/TransformGizmo/PlaneTranslationHandle.uasset" 198
"../../../Engine/Content/VREditor/TransformGizmo/Xray.uasset" 199
"../../../Engine/Content/VREditor/TransformGizmo/Main.uasset" 200
"../../../Engine/Content/VREditor/TransformGizmo/SM_Sequencer_Key.uasset" 201
"../../../Engine/Content/VREditor/TransformGizmo/SM_Sequencer_Node.uasset" 202
"../../Plugins/2D/Paper2D/Content/PlaceholderTextures/DummySpriteTexture.uasset" 203
"../../Plugins/2D/Paper2D/Content/DummySprite.uasset" 204
"../../Plugins/2D/Paper2D/Content/DefaultPaperTerrainMaterial.uasset" 205
"../../Plugins/2D/Paper2D/Content/DefaultSpriteMaterial.uasset" 206
"../../Plugins/2D/Paper2D/Content/MaskedUnlitSpriteMaterial.uasset" 207
"../../Plugins/2D/Paper2D/Content/OpaqueUnlitSpriteMaterial.uasset" 208
"../../../Engine/Content/Functions/Engine_MaterialFunctions02/Utility/BreakOutFloat3Components.uasset" 209
"../../Plugins/Editor/SpeedTreeImporter/Content/SpeedTree9/UnpackInteger3.uasset" 210
"../../Plugins/Editor/SpeedTreeImporter/Content/SpeedTree9/UnpackDirection.uasset" 211
"../../Plugins/Editor/SpeedTreeImporter/Content/SpeedTree9/game_wind_noise.uasset" 212
"../../../Engine/Content/Functions/Engine_MaterialFunctions02/SafeNormalize.uasset" 213
"../../Plugins/Editor/SpeedTreeImporter/Content/SpeedTree9/SpeedTreeWindMotion.uasset" 214
"../../Plugins/Editor/SpeedTreeImporter/Content/SpeedTree9/SpeedTreeBranchMotion.uasset" 215
"../../../Engine/Content/Functions/Engine_MaterialFunctions02/ObjectLocalBounds.uasset" 216
"../../../Engine/Content/Functions/Engine_MaterialFunctions02/UVs/BoundingBoxBased_0-1_UVW.uasset" 217
"../../Plugins/Editor/SpeedTreeImporter/Content/SpeedTree9/SpeedTreeWind.uasset" 218
"../../Plugins/Editor/SpeedTreeImporter/Content/SpeedTree9/SpeedTreeBillboard.uasset" 219
"../../../Engine/Content/EngineResources/DefaultTexture.uasset" 220
"../../Plugins/Editor/SpeedTreeImporter/Content/SpeedTree9/SpeedTreeBillboardMaster.uasset" 221
"../../Plugins/Editor/SpeedTreeImporter/Content/SpeedTree9/SpeedTreeCameraFacing.uasset" 222
"../../Plugins/Editor/SpeedTreeImporter/Content/SpeedTree9/SpeedTreeMaster.uasset" 223
"../../../Engine/Content/BasicShapes/Cylinder.uasset" 224
"../../../Engine/Content/ArtTools/RenderToTexture/Materials/Debug/M_Emissive_Color.uasset" 225
"../../Plugins/Lumin/MagicLeapPassableWorld/Content/MagicLeapARPinInfoActor.uasset" 226
"../../../Engine/Content/Functions/Engine_MaterialFunctions02/Utility/BreakOutFloat4Components.uasset" 227
"../../../Engine/Content/Functions/Engine_MaterialFunctions02/Utility/MakeFloat3.uasset" 228
"../../Plugins/Runtime/Oculus/OculusVR/Content/Materials/OculusMR_ChromaKey.uasset" 229
"../../Plugins/Runtime/Oculus/OculusVR/Content/Materials/OculusMR_OpaqueColoredMaterial.uasset" 230
"../../Plugins/Runtime/Oculus/OculusVR/Content/Materials/PokeAHoleMaterial.uasset" 231
"../../../Engine/Content/MapTemplates/SM_Template_Map_Floor.uasset" 232
"../../../Engine/Content/EngineSky/T_Sky_Stars.uasset" 233
"../../../Engine/Content/EngineSky/T_Sky_Clouds_M.uasset" 234
"../../../Engine/Content/EngineSky/T_Sky_Blue.uasset" 235
"../../../Engine/Content/EngineSky/M_Sky_Panning_Clouds2.uasset" 236
"../../../../UE_4.23/Unreal Projects/MagicBattle/Content/Maps/Untitled_BuiltData.uasset" 237
"../../../../UE_4.23/Unreal Projects/MagicBattle/Content/Blueprints/Widgets/MyGhostWidgetBP.uasset" 238
"../../../../UE_4.23/Unreal Projects/MagicBattle/Content/Blueprints/Apelsin/ApelsinV2-rig1_Skeleton.uasset" 239
"../../../../UE_4.23/Unreal Projects/MagicBattle/Content/Blueprints/Apelsin/ApelsinV2-rig1_PhysicsAsset.uasset" 240
"../../../../UE_4.23/Unreal Projects/MagicBattle/Content/Blueprints/Apelsin/M_Material_002_002.uasset" 241
"../../../../UE_4.23/Unreal Projects/MagicBattle/Content/Blueprints/Apelsin/ApelsinV2-rig1.uasset" 242
"../../../Engine/Content/Functions/Engine_MaterialFunctions02/Utility/BlendAngleCorrectedNormals.uasset" 243
"../../../Engine/Content/Functions/MaterialLayerFunctions/MatLayerBlend_AO.uasset" 244
"../../../Engine/Content/Functions/MaterialLayerFunctions/MatLayerBlend_NormalBlend.uasset" 245
"../../../Engine/Content/Functions/MaterialLayerFunctions/MatLayerBlend_Simple.uasset" 246
"../../../../UE_4.23/Unreal Projects/MagicBattle/Content/AnimStarterPack/UE4_Mannequin/Materials/MaterialLayers/T_ML_Rubber_Blue_01_N.uasset" 247
"../../../../UE_4.23/Unreal Projects/MagicBattle/Content/AnimStarterPack/UE4_Mannequin/Materials/MaterialLayers/T_ML_Rubber_Blue_01_D.uasset" 248
"../../../../UE_4.23/Unreal Projects/MagicBattle/Content/AnimStarterPack/UE4_Mannequin/Materials/MaterialLayers/ML_GlossyBlack_Latex_UE4.uasset" 249
"../../../../UE_4.23/Unreal Projects/MagicBattle/Content/AnimStarterPack/UE4_Mannequin/Materials/MaterialLayers/ML_Plastic_Shiny_Beige.uasset" 250
"../../../../UE_4.23/Unreal Projects/MagicBattle/Content/AnimStarterPack/UE4_Mannequin/Textures/UE4_LOGO_CARD.uasset" 251
"../../../../UE_4.23/Unreal Projects/MagicBattle/Content/AnimStarterPack/UE4_Mannequin/Materials/MaterialLayers/ML_Plastic_Shiny_Beige_LOGO.uasset" 252
"../../../../UE_4.23/Unreal Projects/MagicBattle/Content/AnimStarterPack/UE4_Mannequin/Materials/MaterialLayers/T_ML_Aluminum01.uasset" 253
"../../../../UE_4.23/Unreal Projects/MagicBattle/Content/AnimStarterPack/UE4_Mannequin/Materials/MaterialLayers/T_ML_Aluminum01_N.uasset" 254
"../../../../UE_4.23/Unreal Projects/MagicBattle/Content/AnimStarterPack/UE4_Mannequin/Materials/MaterialLayers/ML_SoftMetal_UE4.uasset" 255
"../../../../UE_4.23/Unreal Projects/MagicBattle/Content/AnimStarterPack/UE4_Mannequin/Textures/UE4_Mannequin__normals.uasset" 256
"../../../../UE_4.23/Unreal Projects/MagicBattle/Content/AnimStarterPack/UE4_Mannequin/Textures/UE4_Mannequin_MAT_MASKA.uasset" 257
"../../../../UE_4.23/Unreal Projects/MagicBattle/Content/AnimStarterPack/UE4_Mannequin/Textures/UE4_Mannequin_occlusion_Mobile.uasset" 258
"../../../../UE_4.23/Unreal Projects/MagicBattle/Content/AnimStarterPack/UE4_Mannequin/Materials/M_UE4Man_Body.uasset" 259
"../../../../UE_4.23/Unreal Projects/MagicBattle/Content/AnimStarterPack/UE4_Mannequin/Textures/UE4Man_Logo_N.uasset" 260
"../../../../UE_4.23/Unreal Projects/MagicBattle/Content/AnimStarterPack/UE4_Mannequin/Materials/M_UE4Man_ChestLogo.uasset" 261
"../../../../UE_4.23/Unreal Projects/MagicBattle/Content/AnimStarterPack/UE4_Mannequin/Mesh/SK_Mannequin_PhysicsAsset.uasset" 262
"../../../../UE_4.23/Unreal Projects/MagicBattle/Content/AnimStarterPack/UE4_Mannequin/Mesh/SK_Mannequin.uasset" 263
"../../../../UE_4.23/Unreal Projects/MagicBattle/Content/AnimStarterPack/Jump_From_Stand.uasset" 264
"../../../../UE_4.23/Unreal Projects/MagicBattle/Content/AnimStarterPack/Jump_From_Jog.uasset" 265
"../../../../UE_4.23/Unreal Projects/MagicBattle/Content/AnimStarterPack/Idle_Rifle_Hip.uasset" 266
"../../../../UE_4.23/Unreal Projects/MagicBattle/Content/AnimStarterPack/Crouch_Idle_Rifle_Hip.uasset" 267
"../../../../UE_4.23/Unreal Projects/MagicBattle/Content/AnimStarterPack/Jog_Rt_Rifle.uasset" 268
"../../../../UE_4.23/Unreal Projects/MagicBattle/Content/AnimStarterPack/Jog_Lt_Rifle.uasset" 269
"../../../../UE_4.23/Unreal Projects/MagicBattle/Content/AnimStarterPack/Jog_Fwd_Rifle.uasset" 270
"../../../../UE_4.23/Unreal Projects/MagicBattle/Content/AnimStarterPack/Jog_Bwd_Rifle.uasset" 271
"../../../../UE_4.23/Unreal Projects/MagicBattle/Content/AnimStarterPack/BS_Jog.uasset" 272
"../../../../UE_4.23/Unreal Projects/MagicBattle/Content/AnimStarterPack/Crouch_Walk_Rt_Rifle_Hip.uasset" 273
"../../../../UE_4.23/Unreal Projects/MagicBattle/Content/AnimStarterPack/Crouch_Walk_Lt_Rifle_Hip.uasset" 274
"../../../../UE_4.23/Unreal Projects/MagicBattle/Content/AnimStarterPack/Crouch_Walk_Fwd_Rifle_Hip.uasset" 275
"../../../../UE_4.23/Unreal Projects/MagicBattle/Content/AnimStarterPack/Crouch_Walk_Bwd_Rifle_Hip.uasset" 276
"../../../../UE_4.23/Unreal Projects/MagicBattle/Content/AnimStarterPack/BS_CrouchWalk.uasset" 277
"../../../../UE_4.23/Unreal Projects/MagicBattle/Content/AnimStarterPack/Ue4ASP_Character.uasset" 278
"../../../../UE_4.23/Unreal Projects/MagicBattle/Content/AnimStarterPack/UE4ASP_HeroTPP_AnimBlueprint.uasset" 279
"../../../../UE_4.23/Unreal Projects/MagicBattle/Content/Blueprints/MyCharacterBP.uasset" 280
"../../../../UE_4.23/Unreal Projects/MagicBattle/Content/Blueprints/MyGhostBP.uasset" 281
"../../../../UE_4.23/Unreal Projects/MagicBattle/Content/Blueprints/MyPlayerControllerBP.uasset" 282
"../../../../UE_4.23/Unreal Projects/MagicBattle/Content/Blueprints/MyMagicBattleGameModeBaseBP.uasset" 283
"../../../Engine/Content/EngineSky/SM_SkySphere.uasset" 284
"../../../Engine/Content/EngineSky/C_Sky_Zenith_Color.uasset" 285
"../../../Engine/Content/EngineSky/C_Sky_Horizon_Color.uasset" 286
"../../../Engine/Content/EngineSky/C_Sky_Cloud_Color.uasset" 287
"../../../Engine/Content/EditorBlueprintResources/StandardMacros.uasset" 288
"../../../Engine/Content/EngineSky/BP_Sky_Sphere.uasset" 289
"../../../../UE_4.23/Unreal Projects/MagicBattle/Content/Maps/Untitled.umap" 290
"../../../../UE_4.23/Unreal Projects/MagicBattle/Content/Maps/MyMainMenu.umap" 291
"../../../../UE_4.23/Unreal Projects/MagicBattle/Content/NewMap.umap" 292
"../../../../UE_4.23/Unreal Projects/MagicBattle/Content/AnimStarterPack/Reload_Rifle_Hip.uasset" 293
"../../../../UE_4.23/Unreal Projects/MagicBattle/Content/AnimStarterPack/Idle_Rifle_Hip_Break2.uasset" 294
"../../../../UE_4.23/Unreal Projects/MagicBattle/Content/AnimStarterPack/Idle_Rifle_Hip_Break1.uasset" 295
"../../../../UE_4.23/Unreal Projects/MagicBattle/Content/AnimStarterPack/Hit_React_3.uasset" 296
"../../../../UE_4.23/Unreal Projects/MagicBattle/Content/AnimStarterPack/Hit_React_2.uasset" 297
"../../../../UE_4.23/Unreal Projects/MagicBattle/Content/AnimStarterPack/Hit_React_1.uasset" 298
"../../../../UE_4.23/Unreal Projects/MagicBattle/Content/AnimStarterPack/Fire_Rifle_Ironsights.uasset" 299
"../../../../UE_4.23/Unreal Projects/MagicBattle/Content/AnimStarterPack/Equip_Pistol_Standing.uasset" 300
"../../../../UE_4.23/Unreal Projects/MagicBattle/Content/AnimStarterPack/Crouch_Walk_Fwd_Rifle_Ironsights.uasset" 301
"../../../../UE_4.23/Unreal Projects/MagicBattle/Content/AnimStarterPack/Crouch_Idle_Rifle_Ironsights.uasset" 302
"../../../../UE_4.23/Unreal Projects/MagicBattle/Content/AnimStarterPack/Walk_Fwd_Rifle_Ironsights.uasset" 303
"../../../Engine/Content/TemplateResources/M_Template_Master.uasset" 304
"../../../Engine/Content/TemplateResources/MI_Template_BaseGray_03_Metal.uasset" 305
"../../../../UE_4.23/Unreal Projects/MagicBattle/Content/AnimStarterPack/Showcase.umap" 306
"../../../Engine/Content/Maps/Entry_BuiltData.uasset" 307
"../../../Engine/Content/Maps/Entry.umap" 308
